<?xml version="1.0" encoding="UTF-8"?>
<!-- Generated by org.testng.reporters.JUnitReportReporter -->
<testsuite hostname="desktopminsk" name="test.LogoutTest" tests="1" failures="0" timestamp="3 Aug 2014 11:31:02 GMT" time="48.375" errors="0">
  <testcase name="xTest" time="48.375" classname="test.LogoutTest"/>
</testsuite> <!-- test.LogoutTest -->
