<?xml version="1.0" encoding="UTF-8"?>
<!-- Generated by org.testng.reporters.JUnitReportReporter -->
<testsuite hostname="desktopminsk" name="test.BlogsTest" tests="1" failures="0" timestamp="4 Aug 2014 12:39:59 GMT" time="50.969" errors="0">
  <testcase name="xTest" time="50.969" classname="test.BlogsTest"/>
</testsuite> <!-- test.BlogsTest -->
